<?xml version="1.0" encoding="UTF-8"?>
<!-- Generated by org.testng.reporters.JUnitReportReporter -->
<testsuite hostname="CDWILT004" failures="0" tests="4" name="openGame.OpenSlotsGameJDB" time="15.887" errors="0" timestamp="2022-09-12T14:55:17 SGT" skipped="0">
  <testcase classname="openGame.OpenSlotsGameJDB" name="goToSite" time="1.164"/>
  <system-out/>
  <testcase classname="openGame.OpenSlotsGameJDB" name="announcement" time="0.552"/>
  <system-out/>
  <testcase classname="openGame.OpenSlotsGameJDB" name="selectSlotsVendor" time="1.579"/>
  <system-out/>
  <testcase classname="openGame.OpenSlotsGameJDB" name="selectSlotsGame" time="12.592"/>
  <system-out/>
</testsuite> <!-- openGame.OpenSlotsGameJDB -->
