<?xml version="1.0" encoding="UTF-8"?>
<!-- Generated by org.testng.reporters.JUnitReportReporter -->
<testsuite hostname="CDWILT004" failures="0" tests="4" name="liveGame.LiveBBIN" time="23.539" errors="0" timestamp="2022-09-14T12:26:49 SGT" skipped="0">
  <testcase classname="liveGame.LiveBBIN" name="goToSite" time="1.808"/>
  <system-out/>
  <testcase classname="liveGame.LiveBBIN" name="announcement" time="1.456"/>
  <system-out/>
  <testcase classname="liveGame.LiveBBIN" name="login" time="4.163"/>
  <system-out/>
  <testcase classname="liveGame.LiveBBIN" name="selectFishVendor" time="16.112"/>
  <system-out/>
</testsuite> <!-- liveGame.LiveBBIN -->
