<?xml version="1.0" encoding="UTF-8"?>
<!-- Generated by org.testng.reporters.JUnitReportReporter -->
<testsuite hostname="CDWILT004" failures="0" tests="4" name="openSlotsGame.OpenSlotsGameCQ9" time="10.455" errors="0" timestamp="2022-09-12T15:19:38 SGT" skipped="0">
  <testcase classname="openSlotsGame.OpenSlotsGameCQ9" name="goToSite" time="1.198"/>
  <system-out/>
  <testcase classname="openSlotsGame.OpenSlotsGameCQ9" name="announcement" time="0.423"/>
  <system-out/>
  <testcase classname="openSlotsGame.OpenSlotsGameCQ9" name="selectSlotsVendor" time="1.467"/>
  <system-out/>
  <testcase classname="openSlotsGame.OpenSlotsGameCQ9" name="selectSlotsGame" time="7.367"/>
  <system-out/>
</testsuite> <!-- openSlotsGame.OpenSlotsGameCQ9 -->
