<?xml version="1.0" encoding="UTF-8"?>
<!-- Generated by org.testng.reporters.JUnitReportReporter -->
<testsuite hostname="DESKTOP-7UGQK8A" failures="0" tests="5" name="openGame.OpenGameTest" time="17.158" errors="0" timestamp="2022-09-07T11:53:17 SGT" skipped="0">
  <testcase classname="openGame.OpenGameTest" name="goToSite" time="3.130"/>
  <system-out/>
  <testcase classname="openGame.OpenGameTest" name="announcement" time="4.065"/>
  <system-out/>
  <testcase classname="openGame.OpenGameTest" name="login" time="5.159"/>
  <system-out/>
  <testcase classname="openGame.OpenGameTest" name="slotsGame" time="2.327"/>
  <system-out/>
  <testcase classname="openGame.OpenGameTest" name="selectGame" time="2.477"/>
  <system-out/>
</testsuite> <!-- openGame.OpenGameTest -->
