<?xml version="1.0" encoding="UTF-8"?>
<!-- Generated by org.testng.reporters.JUnitReportReporter -->
<testsuite hostname="DESKTOP-7UGQK8A" failures="0" tests="5" name="openGame.OpenSportsGameTest" time="27.052" errors="0" timestamp="2022-09-09T12:04:37 SGT" skipped="0">
  <testcase classname="openGame.OpenSportsGameTest" name="goToSite" time="5.197"/>
  <system-out/>
  <testcase classname="openGame.OpenSportsGameTest" name="announcement" time="1.009"/>
  <system-out/>
  <testcase classname="openGame.OpenSportsGameTest" name="login" time="5.261"/>
  <system-out/>
  <testcase classname="openGame.OpenSportsGameTest" name="sportsGame" time="2.442"/>
  <system-out/>
  <testcase classname="openGame.OpenSportsGameTest" name="selectGameSports" time="13.143"/>
  <system-out/>
</testsuite> <!-- openGame.OpenSportsGameTest -->
