<?xml version="1.0" encoding="UTF-8"?>
<!-- Generated by org.testng.reporters.JUnitReportReporter -->
<testsuite hostname="CDWILT004" failures="0" tests="4" name="openFishGame.OpenFishGameCQ9" time="6.030" errors="0" timestamp="2022-09-12T16:02:31 SGT" skipped="0">
  <testcase classname="openFishGame.OpenFishGameCQ9" name="goToSite" time="1.004"/>
  <system-out/>
  <testcase classname="openFishGame.OpenFishGameCQ9" name="announcement" time="0.040"/>
  <system-out/>
  <testcase classname="openFishGame.OpenFishGameCQ9" name="selectFishVendor" time="1.024"/>
  <system-out/>
  <testcase classname="openFishGame.OpenFishGameCQ9" name="selectFishGame" time="3.962"/>
  <system-out/>
</testsuite> <!-- openFishGame.OpenFishGameCQ9 -->
