<?xml version="1.0" encoding="UTF-8"?>
<!-- Generated by org.testng.reporters.JUnitReportReporter -->
<testsuite hostname="CDWILT004" failures="0" tests="4" name="openSportsGame.OpenSportsGame1" time="38.028" errors="0" timestamp="2022-09-12T17:20:53 SGT" skipped="0">
  <testcase classname="openSportsGame.OpenSportsGame1" name="goToSite" time="5.516"/>
  <system-out/>
  <testcase classname="openSportsGame.OpenSportsGame1" name="announcement" time="0.044"/>
  <system-out/>
  <testcase classname="openSportsGame.OpenSportsGame1" name="login" time="3.844"/>
  <system-out/>
  <testcase classname="openSportsGame.OpenSportsGame1" name="selectSportsVendor" time="28.624"/>
  <system-out/>
</testsuite> <!-- openSportsGame.OpenSportsGame1 -->
