<?xml version="1.0" encoding="UTF-8"?>
<!-- Generated by org.testng.reporters.JUnitReportReporter -->
<testsuite hostname="CDWILT004" failures="0" tests="4" name="openSportsGame.OpenSportsGame2" time="16.787" errors="0" timestamp="2022-09-12T17:19:15 SGT" skipped="0">
  <testcase classname="openSportsGame.OpenSportsGame2" name="goToSite" time="4.739"/>
  <system-out/>
  <testcase classname="openSportsGame.OpenSportsGame2" name="announcement" time="0.031"/>
  <system-out/>
  <testcase classname="openSportsGame.OpenSportsGame2" name="login" time="6.499"/>
  <system-out/>
  <testcase classname="openSportsGame.OpenSportsGame2" name="selectSportsVendor" time="5.518"/>
  <system-out/>
</testsuite> <!-- openSportsGame.OpenSportsGame2 -->
