<?xml version="1.0" encoding="UTF-8"?>
<!-- Generated by org.testng.reporters.JUnitReportReporter -->
<testsuite hostname="DESKTOP-7UGQK8A" failures="0" tests="5" name="openGame.OpenESportsGameTest" time="26.486" errors="0" timestamp="2022-09-09T12:28:30 SGT" skipped="0">
  <testcase classname="openGame.OpenESportsGameTest" name="goToSite" time="4.833"/>
  <system-out/>
  <testcase classname="openGame.OpenESportsGameTest" name="announcement" time="1.044"/>
  <system-out/>
  <testcase classname="openGame.OpenESportsGameTest" name="login" time="6.302"/>
  <system-out/>
  <testcase classname="openGame.OpenESportsGameTest" name="eSportsGame" time="1.938"/>
  <system-out/>
  <testcase classname="openGame.OpenESportsGameTest" name="switchToGameESportsWindow" time="12.369"/>
  <system-out/>
</testsuite> <!-- openGame.OpenESportsGameTest -->
