<?xml version="1.0" encoding="UTF-8"?>
<!-- Generated by org.testng.reporters.JUnitReportReporter -->
<testsuite hostname="DESKTOP-7UGQK8A" failures="0" tests="5" name="openGame.OpenLiveCasinoGameTest" time="18.980" errors="0" timestamp="2022-09-08T17:19:45 SGT" skipped="0">
  <testcase classname="openGame.OpenLiveCasinoGameTest" name="goToSite" time="4.824"/>
  <system-out/>
  <testcase classname="openGame.OpenLiveCasinoGameTest" name="announcement" time="0.258"/>
  <system-out/>
  <testcase classname="openGame.OpenLiveCasinoGameTest" name="login" time="5.693"/>
  <system-out/>
  <testcase classname="openGame.OpenLiveCasinoGameTest" name="liveCasinoGame" time="3.956"/>
  <system-out/>
  <testcase classname="openGame.OpenLiveCasinoGameTest" name="selectGameLiveCasino" time="4.249"/>
  <system-out/>
</testsuite> <!-- openGame.OpenLiveCasinoGameTest -->
