<?xml version="1.0" encoding="UTF-8"?>
<!-- Generated by org.testng.reporters.JUnitReportReporter -->
<testsuite hostname="DESKTOP-7UGQK8A" failures="0" tests="5" name="slotsGame.SlotsPP" time="27.668" errors="0" timestamp="2022-09-12T23:12:57 SGT" skipped="0">
  <testcase classname="slotsGame.SlotsPP" name="goToSite" time="1.140"/>
  <system-out/>
  <testcase classname="slotsGame.SlotsPP" name="announcement" time="0.026"/>
  <system-out/>
  <testcase classname="slotsGame.SlotsPP" name="login" time="1.925"/>
  <system-out/>
  <testcase classname="slotsGame.SlotsPP" name="selectSlotsVendor" time="1.959"/>
  <system-out/>
  <testcase classname="slotsGame.SlotsPP" name="selectSlotsGame" time="22.618"/>
  <system-out/>
</testsuite> <!-- slotsGame.SlotsPP -->
