<?xml version="1.0" encoding="UTF-8"?>
<!-- Generated by org.testng.reporters.JUnitReportReporter -->
<testsuite hostname="DESKTOP-7UGQK8A" failures="0" tests="5" name="openGame.OpenLiveCasinoGameTest" time="24.147" errors="0" timestamp="2022-09-09T12:11:58 SGT" skipped="0">
  <testcase classname="openGame.OpenLiveCasinoGameTest" name="goToSite" time="4.793"/>
  <system-out/>
  <testcase classname="openGame.OpenLiveCasinoGameTest" name="announcement" time="0.239"/>
  <system-out/>
  <testcase classname="openGame.OpenLiveCasinoGameTest" name="login" time="5.157"/>
  <system-out/>
  <testcase classname="openGame.OpenLiveCasinoGameTest" name="liveCasinoGame" time="2.707"/>
  <system-out/>
  <testcase classname="openGame.OpenLiveCasinoGameTest" name="switchToLiveCasinoWindow" time="11.251"/>
  <system-out/>
</testsuite> <!-- openGame.OpenLiveCasinoGameTest -->
