<?xml version="1.0" encoding="UTF-8"?>
<!-- Generated by org.testng.reporters.JUnitReportReporter -->
<testsuite hostname="CDWILT004" failures="0" tests="4" name="openLiveGame.OpenLiveGameBBIN" time="14.161" errors="0" timestamp="2022-09-12T16:35:26 SGT" skipped="0">
  <testcase classname="openLiveGame.OpenLiveGameBBIN" name="goToSite" time="3.382"/>
  <system-out/>
  <testcase classname="openLiveGame.OpenLiveGameBBIN" name="announcement" time="0.054"/>
  <system-out/>
  <testcase classname="openLiveGame.OpenLiveGameBBIN" name="login" time="4.791"/>
  <system-out/>
  <testcase classname="openLiveGame.OpenLiveGameBBIN" name="selectLiveVendor" time="5.934"/>
  <system-out/>
</testsuite> <!-- openLiveGame.OpenLiveGameBBIN -->
