<?xml version="1.0" encoding="UTF-8"?>
<!-- Generated by org.testng.reporters.JUnitReportReporter -->
<testsuite hostname="CDWILT004" failures="0" tests="4" name="openSlotsGame.OpenSlotsGameBBIN" time="10.320" errors="0" timestamp="2022-09-12T15:19:38 SGT" skipped="0">
  <testcase classname="openSlotsGame.OpenSlotsGameBBIN" name="goToSite" time="1.044"/>
  <system-out/>
  <testcase classname="openSlotsGame.OpenSlotsGameBBIN" name="announcement" time="0.354"/>
  <system-out/>
  <testcase classname="openSlotsGame.OpenSlotsGameBBIN" name="selectSlotsVendor" time="1.740"/>
  <system-out/>
  <testcase classname="openSlotsGame.OpenSlotsGameBBIN" name="selectSlotsGame" time="7.182"/>
  <system-out/>
</testsuite> <!-- openSlotsGame.OpenSlotsGameBBIN -->
