<?xml version="1.0" encoding="UTF-8"?>
<!-- Generated by org.testng.reporters.JUnitReportReporter -->
<testsuite hostname="CDWILT004" failures="0" tests="4" name="openGame.OpenSlotsGamePP" time="15.785" errors="0" timestamp="2022-09-12T14:55:17 SGT" skipped="0">
  <testcase classname="openGame.OpenSlotsGamePP" name="goToSite" time="1.100"/>
  <system-out/>
  <testcase classname="openGame.OpenSlotsGamePP" name="announcement" time="0.478"/>
  <system-out/>
  <testcase classname="openGame.OpenSlotsGamePP" name="selectSlotsVendor" time="1.153"/>
  <system-out/>
  <testcase classname="openGame.OpenSlotsGamePP" name="selectSlotsGame" time="13.054"/>
  <system-out/>
</testsuite> <!-- openGame.OpenSlotsGamePP -->
