<?xml version="1.0" encoding="UTF-8"?>
<!-- Generated by org.testng.reporters.JUnitReportReporter -->
<testsuite hostname="DESKTOP-7UGQK8A" failures="0" tests="5" name="fishGame.FishCQ9" time="18.824" errors="0" timestamp="2022-09-12T23:46:26 SGT" skipped="0">
  <testcase classname="fishGame.FishCQ9" name="goToSite" time="1.050"/>
  <system-out/>
  <testcase classname="fishGame.FishCQ9" name="announcement" time="0.028"/>
  <system-out/>
  <testcase classname="fishGame.FishCQ9" name="login" time="1.944"/>
  <system-out/>
  <testcase classname="fishGame.FishCQ9" name="selectFishVendor" time="1.868"/>
  <system-out/>
  <testcase classname="fishGame.FishCQ9" name="selectFishGame" time="13.934"/>
  <system-out/>
</testsuite> <!-- fishGame.FishCQ9 -->
