<?xml version="1.0" encoding="UTF-8"?>
<!-- Generated by org.testng.reporters.JUnitReportReporter -->
<testsuite hostname="CDWILT004" failures="0" tests="4" name="sportsGame.SportsIBC" time="16.104" errors="0" timestamp="2022-09-14T14:53:44 SGT" skipped="0">
  <testcase classname="sportsGame.SportsIBC" name="goToSite" time="1.948"/>
  <system-out/>
  <testcase classname="sportsGame.SportsIBC" name="announcement" time="1.403"/>
  <system-out/>
  <testcase classname="sportsGame.SportsIBC" name="login" time="4.527"/>
  <system-out/>
  <testcase classname="sportsGame.SportsIBC" name="selectSportsVendor" time="8.226"/>
  <system-out/>
</testsuite> <!-- sportsGame.SportsIBC -->
