<?xml version="1.0" encoding="UTF-8"?>
<!-- Generated by org.testng.reporters.JUnitReportReporter -->
<testsuite hostname="CDWILT004" failures="0" tests="4" name="eSportsGame.ESportsIM" time="15.321" errors="0" timestamp="2022-09-14T15:07:38 SGT" skipped="0">
  <testcase classname="eSportsGame.ESportsIM" name="goToSite" time="1.172"/>
  <system-out/>
  <testcase classname="eSportsGame.ESportsIM" name="announcement" time="1.255"/>
  <system-out/>
  <testcase classname="eSportsGame.ESportsIM" name="login" time="3.073"/>
  <system-out/>
  <testcase classname="eSportsGame.ESportsIM" name="selectESportsVendor" time="9.821"/>
  <system-out/>
</testsuite> <!-- eSportsGame.ESportsIM -->
