<?xml version="1.0" encoding="UTF-8"?>
<!-- Generated by org.testng.reporters.JUnitReportReporter -->
<testsuite hostname="CDWILT004" failures="0" tests="4" name="openPokerGame.OpenPokerGame1" time="39.160" errors="0" timestamp="2022-09-12T17:42:30 SGT" skipped="0">
  <testcase classname="openPokerGame.OpenPokerGame1" name="goToSite" time="3.394"/>
  <system-out/>
  <testcase classname="openPokerGame.OpenPokerGame1" name="announcement" time="0.056"/>
  <system-out/>
  <testcase classname="openPokerGame.OpenPokerGame1" name="login" time="3.492"/>
  <system-out/>
  <testcase classname="openPokerGame.OpenPokerGame1" name="selectSlotsVendor" time="32.218"/>
  <system-out/>
</testsuite> <!-- openPokerGame.OpenPokerGame1 -->
