<?xml version="1.0" encoding="UTF-8"?>
<!-- Generated by org.testng.reporters.JUnitReportReporter -->
<testsuite hostname="DESKTOP-7UGQK8A" failures="0" tests="5" name="slotsGame.SlotsJDB" time="21.186" errors="0" timestamp="2022-09-12T23:05:25 SGT" skipped="0">
  <testcase classname="slotsGame.SlotsJDB" name="goToSite" time="1.325"/>
  <system-out/>
  <testcase classname="slotsGame.SlotsJDB" name="announcement" time="0.028"/>
  <system-out/>
  <testcase classname="slotsGame.SlotsJDB" name="login" time="2.094"/>
  <system-out/>
  <testcase classname="slotsGame.SlotsJDB" name="selectSlotsVendor" time="2.241"/>
  <system-out/>
  <testcase classname="slotsGame.SlotsJDB" name="selectSlotsGame" time="15.498"/>
  <system-out/>
</testsuite> <!-- slotsGame.SlotsJDB -->
