<?xml version="1.0" encoding="UTF-8"?>
<!-- Generated by org.testng.reporters.JUnitReportReporter -->
<testsuite hostname="CDWILT004" failures="0" tests="3" name="openESportsGame.OpenESportsGameIM" time="1.473" errors="0" timestamp="2022-09-12T16:02:31 SGT" skipped="0">
  <testcase classname="openESportsGame.OpenESportsGameIM" name="goToSite" time="0.954"/>
  <system-out/>
  <testcase classname="openESportsGame.OpenESportsGameIM" name="announcement" time="0.038"/>
  <system-out/>
  <testcase classname="openESportsGame.OpenESportsGameIM" name="selectSlotsVendor" time="0.481"/>
  <system-out/>
</testsuite> <!-- openESportsGame.OpenESportsGameIM -->
