<?xml version="1.0" encoding="UTF-8"?>
<!-- Generated by org.testng.reporters.JUnitReportReporter -->
<testsuite hostname="DESKTOP-7UGQK8A" failures="0" tests="5" name="slotsGame.SlotsMG" time="32.546" errors="0" timestamp="2022-09-12T23:08:15 SGT" skipped="0">
  <testcase classname="slotsGame.SlotsMG" name="goToSite" time="1.394"/>
  <system-out/>
  <testcase classname="slotsGame.SlotsMG" name="announcement" time="0.029"/>
  <system-out/>
  <testcase classname="slotsGame.SlotsMG" name="login" time="2.160"/>
  <system-out/>
  <testcase classname="slotsGame.SlotsMG" name="selectSlotsVendor" time="2.247"/>
  <system-out/>
  <testcase classname="slotsGame.SlotsMG" name="selectSlotsGame" time="26.716"/>
  <system-out/>
</testsuite> <!-- slotsGame.SlotsMG -->
