<?xml version="1.0" encoding="UTF-8"?>
<!-- Generated by org.testng.reporters.JUnitReportReporter -->
<testsuite hostname="DESKTOP-7UGQK8A" failures="0" tests="5" name="openGame.OpenSlotsGameTest" time="20.745" errors="0" timestamp="2022-09-08T16:43:11 SGT" skipped="0">
  <testcase classname="openGame.OpenSlotsGameTest" name="goToSite" time="3.770"/>
  <system-out/>
  <testcase classname="openGame.OpenSlotsGameTest" name="announcement" time="1.085"/>
  <system-out/>
  <testcase classname="openGame.OpenSlotsGameTest" name="login" time="5.796"/>
  <system-out/>
  <testcase classname="openGame.OpenSlotsGameTest" name="slotsGame" time="5.328"/>
  <system-out/>
  <testcase classname="openGame.OpenSlotsGameTest" name="selectGameSlots" time="4.766"/>
  <system-out/>
</testsuite> <!-- openGame.OpenSlotsGameTest -->
