<?xml version="1.0" encoding="UTF-8"?>
<!-- Generated by org.testng.reporters.JUnitReportReporter -->
<testsuite hostname="CDWILT004" failures="0" tests="4" name="openSportsGame.OpenSportsGame" time="27.519" errors="0" timestamp="2022-09-12T16:59:30 SGT" skipped="0">
  <testcase classname="openSportsGame.OpenSportsGame" name="goToSite" time="7.417"/>
  <system-out/>
  <testcase classname="openSportsGame.OpenSportsGame" name="announcement" time="0.041"/>
  <system-out/>
  <testcase classname="openSportsGame.OpenSportsGame" name="login" time="4.807"/>
  <system-out/>
  <testcase classname="openSportsGame.OpenSportsGame" name="selectSportsVendor" time="15.254"/>
  <system-out/>
</testsuite> <!-- openSportsGame.OpenSportsGame -->
