<?xml version="1.0" encoding="UTF-8"?>
<!-- Generated by org.testng.reporters.JUnitReportReporter -->
<testsuite hostname="DESKTOP-7UGQK8A" failures="0" tests="5" name="openGame.OpenSportsGameTest" time="19.442" errors="0" timestamp="2022-09-08T17:31:22 SGT" skipped="0">
  <testcase classname="openGame.OpenSportsGameTest" name="goToSite" time="4.392"/>
  <system-out/>
  <testcase classname="openGame.OpenSportsGameTest" name="announcement" time="1.056"/>
  <system-out/>
  <testcase classname="openGame.OpenSportsGameTest" name="login" time="5.558"/>
  <system-out/>
  <testcase classname="openGame.OpenSportsGameTest" name="sportsGame" time="4.169"/>
  <system-out/>
  <testcase classname="openGame.OpenSportsGameTest" name="selectGameSports" time="4.267"/>
  <system-out/>
</testsuite> <!-- openGame.OpenSportsGameTest -->
