<?xml version="1.0" encoding="UTF-8"?>
<!-- Generated by org.testng.reporters.JUnitReportReporter -->
<testsuite hostname="CDWILT004" failures="0" tests="4" name="openLiveGame.OpenLiveGame1" time="26.936" errors="0" timestamp="2022-09-12T17:25:40 SGT" skipped="0">
  <testcase classname="openLiveGame.OpenLiveGame1" name="goToSite" time="7.795"/>
  <system-out/>
  <testcase classname="openLiveGame.OpenLiveGame1" name="announcement" time="0.050"/>
  <system-out/>
  <testcase classname="openLiveGame.OpenLiveGame1" name="login" time="4.784"/>
  <system-out/>
  <testcase classname="openLiveGame.OpenLiveGame1" name="selectLiveVendor" time="14.307"/>
  <system-out/>
</testsuite> <!-- openLiveGame.OpenLiveGame1 -->
