<?xml version="1.0" encoding="UTF-8"?>
<!-- Generated by org.testng.reporters.JUnitReportReporter -->
<testsuite hostname="DESKTOP-7UGQK8A" failures="0" tests="5" name="openGame.OpenPokerGameTest" time="35.318" errors="0" timestamp="2022-09-08T17:40:28 SGT" skipped="0">
  <testcase classname="openGame.OpenPokerGameTest" name="goToSite" time="18.781"/>
  <system-out/>
  <testcase classname="openGame.OpenPokerGameTest" name="announcement" time="1.437"/>
  <system-out/>
  <testcase classname="openGame.OpenPokerGameTest" name="login" time="6.340"/>
  <system-out/>
  <testcase classname="openGame.OpenPokerGameTest" name="pokerGame" time="4.420"/>
  <system-out/>
  <testcase classname="openGame.OpenPokerGameTest" name="selectGamePoker" time="4.340"/>
  <system-out/>
</testsuite> <!-- openGame.OpenPokerGameTest -->
