<?xml version="1.0" encoding="UTF-8"?>
<!-- Generated by org.testng.reporters.JUnitReportReporter -->
<testsuite hostname="CDWILT004" failures="0" tests="8" name="openGame.OpenSlotsGameBBIN" time="30.592" errors="0" timestamp="2022-09-12T14:55:17 SGT" skipped="0">
  <testcase classname="openGame.OpenSlotsGameBBIN" name="goToSite" time="1.311"/>
  <system-out/>
  <testcase classname="openGame.OpenSlotsGameBBIN" name="goToSite" time="1.366"/>
  <system-out/>
  <testcase classname="openGame.OpenSlotsGameBBIN" name="announcement" time="0.615"/>
  <system-out/>
  <testcase classname="openGame.OpenSlotsGameBBIN" name="announcement" time="0.513"/>
  <system-out/>
  <testcase classname="openGame.OpenSlotsGameBBIN" name="selectSlotsVendor" time="1.092"/>
  <system-out/>
  <testcase classname="openGame.OpenSlotsGameBBIN" name="selectSlotsVendor" time="1.293"/>
  <system-out/>
  <testcase classname="openGame.OpenSlotsGameBBIN" name="selectSlotsGame" time="12.154"/>
  <system-out/>
  <testcase classname="openGame.OpenSlotsGameBBIN" name="selectSlotsGame" time="12.248"/>
  <system-out/>
</testsuite> <!-- openGame.OpenSlotsGameBBIN -->
