<?xml version="1.0" encoding="UTF-8"?>
<!-- Generated by org.testng.reporters.JUnitReportReporter -->
<testsuite hostname="DESKTOP-7UGQK8A" failures="0" tests="5" name="openGame.OpenESportsGameTest" time="16.903" errors="0" timestamp="2022-09-08T17:12:16 SGT" skipped="0">
  <testcase classname="openGame.OpenESportsGameTest" name="goToSite" time="4.194"/>
  <system-out/>
  <testcase classname="openGame.OpenESportsGameTest" name="announcement" time="0.751"/>
  <system-out/>
  <testcase classname="openGame.OpenESportsGameTest" name="login" time="4.105"/>
  <system-out/>
  <testcase classname="openGame.OpenESportsGameTest" name="eSportsGame" time="3.332"/>
  <system-out/>
  <testcase classname="openGame.OpenESportsGameTest" name="selectGameESports" time="4.521"/>
  <system-out/>
</testsuite> <!-- openGame.OpenESportsGameTest -->
