<?xml version="1.0" encoding="UTF-8"?>
<!-- Generated by org.testng.reporters.JUnitReportReporter -->
<testsuite hostname="CDWILT004" failures="0" tests="4" name="openGame.OpenSlotsGame" time="15.316" errors="0" timestamp="2022-09-12T13:57:26 SGT" skipped="0">
  <testcase classname="openGame.OpenSlotsGame" name="goToSite" time="1.584"/>
  <system-out/>
  <testcase classname="openGame.OpenSlotsGame" name="announcement" time="0.246"/>
  <system-out/>
  <testcase classname="openGame.OpenSlotsGame" name="selectSlotsVendor" time="1.241"/>
  <system-out/>
  <testcase classname="openGame.OpenSlotsGame" name="selectSlotsGame" time="12.245"/>
  <system-out/>
</testsuite> <!-- openGame.OpenSlotsGame -->
