<?xml version="1.0" encoding="UTF-8"?>
<!-- Generated by org.testng.reporters.JUnitReportReporter -->
<testsuite hostname="CDWILT004" failures="0" tests="3" name="openLotteryGame.OpenLotteryGameSGWIN" time="1.427" errors="0" timestamp="2022-09-12T16:02:31 SGT" skipped="0">
  <testcase classname="openLotteryGame.OpenLotteryGameSGWIN" name="goToSite" time="0.888"/>
  <system-out/>
  <testcase classname="openLotteryGame.OpenLotteryGameSGWIN" name="announcement" time="0.040"/>
  <system-out/>
  <testcase classname="openLotteryGame.OpenLotteryGameSGWIN" name="selectSlotsVendor" time="0.499"/>
  <system-out/>
</testsuite> <!-- openLotteryGame.OpenLotteryGameSGWIN -->
