<?xml version="1.0" encoding="UTF-8"?>
<!-- Generated by org.testng.reporters.JUnitReportReporter -->
<testsuite hostname="DESKTOP-7UGQK8A" failures="0" tests="5" name="slotsGame.SlotsCQ9" time="31.936" errors="0" timestamp="2022-09-12T23:02:30 SGT" skipped="0">
  <testcase classname="slotsGame.SlotsCQ9" name="goToSite" time="1.104"/>
  <system-out/>
  <testcase classname="slotsGame.SlotsCQ9" name="announcement" time="0.027"/>
  <system-out/>
  <testcase classname="slotsGame.SlotsCQ9" name="login" time="2.568"/>
  <system-out/>
  <testcase classname="slotsGame.SlotsCQ9" name="selectSlotsVendor" time="2.256"/>
  <system-out/>
  <testcase classname="slotsGame.SlotsCQ9" name="selectSlotsGame" time="25.981"/>
  <system-out/>
</testsuite> <!-- slotsGame.SlotsCQ9 -->
