<?xml version="1.0" encoding="UTF-8"?>
<!-- Generated by org.testng.reporters.JUnitReportReporter -->
<testsuite hostname="DESKTOP-7UGQK8A" failures="0" tests="5" name="slotsGame.SlotsPP" time="21.138" errors="0" timestamp="2022-09-12T23:24:04 SGT" skipped="0">
  <testcase classname="slotsGame.SlotsPP" name="goToSite" time="1.218"/>
  <system-out/>
  <testcase classname="slotsGame.SlotsPP" name="announcement" time="0.029"/>
  <system-out/>
  <testcase classname="slotsGame.SlotsPP" name="login" time="1.945"/>
  <system-out/>
  <testcase classname="slotsGame.SlotsPP" name="selectSlotsVendor" time="1.988"/>
  <system-out/>
  <testcase classname="slotsGame.SlotsPP" name="selectSlotsGame" time="15.958"/>
  <system-out/>
</testsuite> <!-- slotsGame.SlotsPP -->
