<?xml version="1.0" encoding="UTF-8"?>
<!-- Generated by org.testng.reporters.JUnitReportReporter -->
<testsuite hostname="CDWILT004" failures="0" tests="4" name="openGame.OpenGameTest" time="15.073" errors="0" timestamp="2022-09-05T18:02:16 SGT" skipped="0">
  <testcase classname="openGame.OpenGameTest" name="goToSite" time="1.940"/>
  <system-out/>
  <testcase classname="openGame.OpenGameTest" name="announcement" time="4.845"/>
  <system-out/>
  <testcase classname="openGame.OpenGameTest" name="login" time="4.481"/>
  <system-out/>
  <testcase classname="openGame.OpenGameTest" name="slotsGame" time="3.807"/>
  <system-out/>
</testsuite> <!-- openGame.OpenGameTest -->
