<?xml version="1.0" encoding="UTF-8"?>
<!-- Generated by org.testng.reporters.JUnitReportReporter -->
<testsuite hostname="DESKTOP-7UGQK8A" failures="0" tests="5" name="fishGame.FishKY" time="14.820" errors="0" timestamp="2022-09-12T23:46:26 SGT" skipped="0">
  <testcase classname="fishGame.FishKY" name="goToSite" time="1.015"/>
  <system-out/>
  <testcase classname="fishGame.FishKY" name="announcement" time="0.019"/>
  <system-out/>
  <testcase classname="fishGame.FishKY" name="login" time="2.366"/>
  <system-out/>
  <testcase classname="fishGame.FishKY" name="selectFishVendor" time="1.860"/>
  <system-out/>
  <testcase classname="fishGame.FishKY" name="selectFishGame" time="9.560"/>
  <system-out/>
</testsuite> <!-- fishGame.FishKY -->
