<?xml version="1.0" encoding="UTF-8"?>
<!-- Generated by org.testng.reporters.JUnitReportReporter -->
<testsuite hostname="CDWILT004" failures="0" tests="3" name="openPokerGame.OpenPokerGameKY" time="2.016" errors="0" timestamp="2022-09-12T16:02:31 SGT" skipped="0">
  <testcase classname="openPokerGame.OpenPokerGameKY" name="goToSite" time="1.467"/>
  <system-out/>
  <testcase classname="openPokerGame.OpenPokerGameKY" name="announcement" time="0.035"/>
  <system-out/>
  <testcase classname="openPokerGame.OpenPokerGameKY" name="selectSlotsVendor" time="0.514"/>
  <system-out/>
</testsuite> <!-- openPokerGame.OpenPokerGameKY -->
