<?xml version="1.0" encoding="UTF-8"?>
<!-- Generated by org.testng.reporters.JUnitReportReporter -->
<testsuite hostname="CDWILT004" failures="0" tests="4" name="openSlotsGame.OpenSlotsGameMG" time="10.464" errors="0" timestamp="2022-09-12T15:19:38 SGT" skipped="0">
  <testcase classname="openSlotsGame.OpenSlotsGameMG" name="goToSite" time="1.016"/>
  <system-out/>
  <testcase classname="openSlotsGame.OpenSlotsGameMG" name="announcement" time="0.568"/>
  <system-out/>
  <testcase classname="openSlotsGame.OpenSlotsGameMG" name="selectSlotsVendor" time="1.105"/>
  <system-out/>
  <testcase classname="openSlotsGame.OpenSlotsGameMG" name="selectSlotsGame" time="7.775"/>
  <system-out/>
</testsuite> <!-- openSlotsGame.OpenSlotsGameMG -->
