<?xml version="1.0" encoding="UTF-8"?>
<!-- Generated by org.testng.reporters.JUnitReportReporter -->
<testsuite hostname="CDWILT004" failures="0" tests="4" name="openSportsGame.OpenSportsGameIBC" time="8.124" errors="0" timestamp="2022-09-12T16:47:10 SGT" skipped="0">
  <testcase classname="openSportsGame.OpenSportsGameIBC" name="goToSite" time="0.978"/>
  <system-out/>
  <testcase classname="openSportsGame.OpenSportsGameIBC" name="announcement" time="0.052"/>
  <system-out/>
  <testcase classname="openSportsGame.OpenSportsGameIBC" name="login" time="3.842"/>
  <system-out/>
  <testcase classname="openSportsGame.OpenSportsGameIBC" name="selectSportsVendor" time="3.252"/>
  <system-out/>
</testsuite> <!-- openSportsGame.OpenSportsGameIBC -->
