<?xml version="1.0" encoding="UTF-8"?>
<!-- Generated by org.testng.reporters.JUnitReportReporter -->
<testsuite hostname="CDWILT004" failures="0" tests="4" name="openGame.OpenSlotsGameMG" time="15.364" errors="0" timestamp="2022-09-12T14:55:17 SGT" skipped="0">
  <testcase classname="openGame.OpenSlotsGameMG" name="goToSite" time="1.063"/>
  <system-out/>
  <testcase classname="openGame.OpenSlotsGameMG" name="announcement" time="0.164"/>
  <system-out/>
  <testcase classname="openGame.OpenSlotsGameMG" name="selectSlotsVendor" time="1.587"/>
  <system-out/>
  <testcase classname="openGame.OpenSlotsGameMG" name="selectSlotsGame" time="12.550"/>
  <system-out/>
</testsuite> <!-- openGame.OpenSlotsGameMG -->
