<?xml version="1.0" encoding="UTF-8"?>
<!-- Generated by org.testng.reporters.JUnitReportReporter -->
<testsuite hostname="DESKTOP-7UGQK8A" failures="0" tests="6" name="openGame.OpenGameTest" time="55.541" errors="0" timestamp="2022-09-08T10:42:05 SGT" skipped="0">
  <testcase classname="openGame.OpenGameTest" name="goToSite" time="4.356"/>
  <system-out/>
  <testcase classname="openGame.OpenGameTest" name="announcement" time="4.064"/>
  <system-out/>
  <testcase classname="openGame.OpenGameTest" name="login" time="10.281"/>
  <system-out/>
  <testcase classname="openGame.OpenGameTest" name="slotsGame" time="2.565"/>
  <system-out/>
  <testcase classname="openGame.OpenGameTest" name="selectGame" time="3.343"/>
  <system-out/>
  <testcase classname="openGame.OpenGameTest" name="makeABet" time="30.932"/>
  <system-out/>
</testsuite> <!-- openGame.OpenGameTest -->
