<?xml version="1.0" encoding="UTF-8"?>
<!-- Generated by org.testng.reporters.JUnitReportReporter -->
<testsuite hostname="CDWILT004" failures="0" tests="4" name="sportsGame.SportsSBO" time="14.841" errors="0" timestamp="2022-09-14T14:53:44 SGT" skipped="0">
  <testcase classname="sportsGame.SportsSBO" name="goToSite" time="1.685"/>
  <system-out/>
  <testcase classname="sportsGame.SportsSBO" name="announcement" time="1.346"/>
  <system-out/>
  <testcase classname="sportsGame.SportsSBO" name="login" time="3.287"/>
  <system-out/>
  <testcase classname="sportsGame.SportsSBO" name="selectSportsVendor" time="8.523"/>
  <system-out/>
</testsuite> <!-- sportsGame.SportsSBO -->
