<?xml version="1.0" encoding="UTF-8"?>
<!-- Generated by org.testng.reporters.JUnitReportReporter -->
<testsuite hostname="CDWILT004" failures="0" tests="5" name="fishGame.FishCQ9" time="58.056" errors="0" timestamp="2022-09-14T11:04:38 SGT" skipped="0">
  <testcase classname="fishGame.FishCQ9" name="goToSite" time="1.282"/>
  <system-out/>
  <testcase classname="fishGame.FishCQ9" name="announcement" time="1.289"/>
  <system-out/>
  <testcase classname="fishGame.FishCQ9" name="login" time="3.010"/>
  <system-out/>
  <testcase classname="fishGame.FishCQ9" name="selectFishVendor" time="2.064"/>
  <system-out/>
  <testcase classname="fishGame.FishCQ9" name="selectFishGame" time="50.411"/>
  <system-out/>
</testsuite> <!-- fishGame.FishCQ9 -->
