<?xml version="1.0" encoding="UTF-8"?>
<!-- Generated by org.testng.reporters.JUnitReportReporter -->
<testsuite hostname="CDWILT004" failures="0" tests="4" name="openSlotsGame.OpenSlotsGameJDB" time="11.140" errors="0" timestamp="2022-09-12T15:19:38 SGT" skipped="0">
  <testcase classname="openSlotsGame.OpenSlotsGameJDB" name="goToSite" time="1.081"/>
  <system-out/>
  <testcase classname="openSlotsGame.OpenSlotsGameJDB" name="announcement" time="0.156"/>
  <system-out/>
  <testcase classname="openSlotsGame.OpenSlotsGameJDB" name="selectSlotsVendor" time="1.701"/>
  <system-out/>
  <testcase classname="openSlotsGame.OpenSlotsGameJDB" name="selectSlotsGame" time="8.202"/>
  <system-out/>
</testsuite> <!-- openSlotsGame.OpenSlotsGameJDB -->
