<?xml version="1.0" encoding="UTF-8"?>
<!-- Generated by org.testng.reporters.JUnitReportReporter -->
<testsuite hostname="CDWILT004" failures="0" tests="4" name="openFishGame.OpenFishGameKY" time="6.122" errors="0" timestamp="2022-09-12T16:02:31 SGT" skipped="0">
  <testcase classname="openFishGame.OpenFishGameKY" name="goToSite" time="0.972"/>
  <system-out/>
  <testcase classname="openFishGame.OpenFishGameKY" name="announcement" time="0.037"/>
  <system-out/>
  <testcase classname="openFishGame.OpenFishGameKY" name="selectFishVendor" time="1.132"/>
  <system-out/>
  <testcase classname="openFishGame.OpenFishGameKY" name="selectFishGame" time="3.981"/>
  <system-out/>
</testsuite> <!-- openFishGame.OpenFishGameKY -->
