<?xml version="1.0" encoding="UTF-8"?>
<!-- Generated by org.testng.reporters.JUnitReportReporter -->
<testsuite hostname="CDWILT004" failures="0" tests="4" name="pokerGame.PokerKY" time="20.976" errors="0" timestamp="2022-09-14T14:58:16 SGT" skipped="0">
  <testcase classname="pokerGame.PokerKY" name="goToSite" time="5.196"/>
  <system-out/>
  <testcase classname="pokerGame.PokerKY" name="announcement" time="1.405"/>
  <system-out/>
  <testcase classname="pokerGame.PokerKY" name="login" time="4.357"/>
  <system-out/>
  <testcase classname="pokerGame.PokerKY" name="selectPokerVendor" time="10.018"/>
  <system-out/>
</testsuite> <!-- pokerGame.PokerKY -->
