<?xml version="1.0" encoding="UTF-8"?>
<!-- Generated by org.testng.reporters.JUnitReportReporter -->
<testsuite hostname="DESKTOP-7UGQK8A" failures="0" tests="6" name="openGame.OpenFishGameTest" time="27.288" errors="0" timestamp="2022-09-09T12:23:30 SGT" skipped="0">
  <testcase classname="openGame.OpenFishGameTest" name="goToSite" time="3.369"/>
  <system-out/>
  <testcase classname="openGame.OpenFishGameTest" name="announcement" time="1.009"/>
  <system-out/>
  <testcase classname="openGame.OpenFishGameTest" name="login" time="6.363"/>
  <system-out/>
  <testcase classname="openGame.OpenFishGameTest" name="fishGame" time="4.012"/>
  <system-out/>
  <testcase classname="openGame.OpenFishGameTest" name="selectGameFish" time="1.311"/>
  <system-out/>
  <testcase classname="openGame.OpenFishGameTest" name="switchToFishWindow" time="11.224"/>
  <system-out/>
</testsuite> <!-- openGame.OpenFishGameTest -->
