<?xml version="1.0" encoding="UTF-8"?>
<!-- Generated by org.testng.reporters.JUnitReportReporter -->
<testsuite hostname="CDWILT004" failures="0" tests="5" name="fishGame.FishKY" time="59.252" errors="0" timestamp="2022-09-14T11:04:38 SGT" skipped="0">
  <testcase classname="fishGame.FishKY" name="goToSite" time="1.100"/>
  <system-out/>
  <testcase classname="fishGame.FishKY" name="announcement" time="1.286"/>
  <system-out/>
  <testcase classname="fishGame.FishKY" name="login" time="2.923"/>
  <system-out/>
  <testcase classname="fishGame.FishKY" name="selectFishVendor" time="1.980"/>
  <system-out/>
  <testcase classname="fishGame.FishKY" name="selectFishGame" time="51.963"/>
  <system-out/>
</testsuite> <!-- fishGame.FishKY -->
