<?xml version="1.0" encoding="UTF-8"?>
<!-- Generated by org.testng.reporters.JUnitReportReporter -->
<testsuite hostname="DESKTOP-7UGQK8A" failures="0" tests="5" name="openGame.OpenPokerGameTest" time="16.062" errors="0" timestamp="2022-09-09T12:00:46 SGT" skipped="0">
  <testcase classname="openGame.OpenPokerGameTest" name="goToSite" time="4.904"/>
  <system-out/>
  <testcase classname="openGame.OpenPokerGameTest" name="announcement" time="1.119"/>
  <system-out/>
  <testcase classname="openGame.OpenPokerGameTest" name="login" time="4.698"/>
  <system-out/>
  <testcase classname="openGame.OpenPokerGameTest" name="pokerGame" time="3.766"/>
  <system-out/>
  <testcase classname="openGame.OpenPokerGameTest" name="switchToGameWindow" time="1.575"/>
  <system-out/>
</testsuite> <!-- openGame.OpenPokerGameTest -->
