<?xml version="1.0" encoding="UTF-8"?>
<!-- Generated by org.testng.reporters.JUnitReportReporter -->
<testsuite hostname="CDWILT004" failures="0" tests="4" name="openSlotsGame.OpenSlotsGamePP" time="10.817" errors="0" timestamp="2022-09-12T15:19:38 SGT" skipped="0">
  <testcase classname="openSlotsGame.OpenSlotsGamePP" name="goToSite" time="0.987"/>
  <system-out/>
  <testcase classname="openSlotsGame.OpenSlotsGamePP" name="announcement" time="0.150"/>
  <system-out/>
  <testcase classname="openSlotsGame.OpenSlotsGamePP" name="selectSlotsVendor" time="1.437"/>
  <system-out/>
  <testcase classname="openSlotsGame.OpenSlotsGamePP" name="selectSlotsGame" time="8.243"/>
  <system-out/>
</testsuite> <!-- openSlotsGame.OpenSlotsGamePP -->
